[INFO ] 2024-09-20 16:21:37.909 [main] Log4jExample - login to log4jExample class
[ERROR] 2024-09-20 16:21:37.911 [main] Log4jExample - if login is failed then it will display the error
[WARN ] 2024-09-20 16:21:37.912 [main] Log4jExample - this is a wraning messsage
[FATAL] 2024-09-20 16:21:37.912 [main] Log4jExample - this is a fatal message
[TRACE] 2024-09-20 16:22:20.388 [main] Log4jExample - this is a trace message
[INFO ] 2024-09-20 16:22:20.391 [main] Log4jExample - login to log4jExample class
[ERROR] 2024-09-20 16:22:20.391 [main] Log4jExample - if login is failed then it will display the error
[WARN ] 2024-09-20 16:22:20.391 [main] Log4jExample - this is a wraning messsage
[FATAL] 2024-09-20 16:22:20.391 [main] Log4jExample - this is a fatal message
[INFO ] 2024-09-20 17:49:33.851 [main] SeleniumTestWithLog4j - launching the chrome browser
[INFO ] 2024-09-20 17:49:34.748 [main] SeleniumTestWithLog4j - navigating the selenium browser
[INFO ] 2024-09-20 17:49:34.979 [main] SeleniumTestWithLog4j - webpage opened successfully
[DEBUG] 2024-09-20 17:49:34.979 [main] SeleniumTestWithLog4j - Maximizing the browser window
[FATAL] 2024-09-20 17:49:37.029 [main] SeleniumTestWithLog4j - the title of the page test is not passed
[INFO ] 2024-09-20 17:49:37.038 [main] SeleniumTestWithLog4j - closed the browser
[INFO ] 2024-09-20 17:50:34.465 [main] SeleniumTestWithLog4j - launching the chrome browser
[INFO ] 2024-09-20 17:50:35.348 [main] SeleniumTestWithLog4j - navigating the selenium browser
[INFO ] 2024-09-20 17:50:35.537 [main] SeleniumTestWithLog4j - webpage opened successfully
[DEBUG] 2024-09-20 17:50:35.537 [main] SeleniumTestWithLog4j - Maximizing the browser window
[FATAL] 2024-09-20 17:50:37.572 [main] SeleniumTestWithLog4j - the title of the page test is not passed
[INFO ] 2024-09-20 17:50:37.582 [main] SeleniumTestWithLog4j - closed the browser
[INFO ] 2024-09-20 17:53:12.792 [main] SeleniumTestWithLog4j - launching the chrome browser
[INFO ] 2024-09-20 17:53:13.693 [main] SeleniumTestWithLog4j - navigating the selenium browser
[INFO ] 2024-09-20 17:53:13.872 [main] SeleniumTestWithLog4j - webpage opened successfully
[DEBUG] 2024-09-20 17:53:13.872 [main] SeleniumTestWithLog4j - Maximizing the browser window
[FATAL] 2024-09-20 17:53:15.914 [main] SeleniumTestWithLog4j - the title of the page test is not passed
[INFO ] 2024-09-20 17:53:15.924 [main] SeleniumTestWithLog4j - closed the browser
[TRACE] 2024-09-21 11:51:15.444 [main] Log4jExample - this is a trace message
[INFO ] 2024-09-21 11:51:15.447 [main] Log4jExample - login to log4jExample class
[ERROR] 2024-09-21 11:51:15.447 [main] Log4jExample - if login is failed then it will display the error
[WARN ] 2024-09-21 11:51:15.447 [main] Log4jExample - this is a wraning messsage
[FATAL] 2024-09-21 11:51:15.447 [main] Log4jExample - this is a fatal message
[TRACE] 2024-09-21 11:58:58.925 [main] Log4jExample - this is a trace message
[INFO ] 2024-09-21 11:58:58.928 [main] Log4jExample - login to log4jExample class
[ERROR] 2024-09-21 11:58:58.929 [main] Log4jExample - if login is failed then it will display the error
[WARN ] 2024-09-21 11:58:58.929 [main] Log4jExample - this is a wraning messsage
[FATAL] 2024-09-21 11:58:58.929 [main] Log4jExample - this is a fatal message
[TRACE] 2024-09-21 12:01:14.703 [main] Log4jExample - this is a trace message
[INFO ] 2024-09-21 12:01:14.707 [main] Log4jExample - login to log4jExample class
[ERROR] 2024-09-21 12:01:14.707 [main] Log4jExample - if login is failed then it will display the error
[WARN ] 2024-09-21 12:01:14.707 [main] Log4jExample - this is a wraning messsage
[FATAL] 2024-09-21 12:01:14.707 [main] Log4jExample - this is a fatal message
[INFO ] 2024-09-21 12:08:03.306 [main] SeleniumTestWithLog4j - launching the chrome browser
[INFO ] 2024-09-21 12:08:04.390 [main] SeleniumTestWithLog4j - navigating the selenium browser
[INFO ] 2024-09-21 12:08:05.141 [main] SeleniumTestWithLog4j - webpage opened successfully
[DEBUG] 2024-09-21 12:08:05.141 [main] SeleniumTestWithLog4j - Maximizing the browser window
[FATAL] 2024-09-21 12:08:07.193 [main] SeleniumTestWithLog4j - the title of the page test is not passed
[INFO ] 2024-09-21 12:08:07.212 [main] SeleniumTestWithLog4j - closed the browser
[TRACE] 2024-09-21 12:11:04.782 [main] Log4jExample - this is a trace message
[INFO ] 2024-09-21 12:11:04.784 [main] Log4jExample - login to log4jExample class
[ERROR] 2024-09-21 12:11:04.785 [main] Log4jExample - if login is failed then it will display the error
[WARN ] 2024-09-21 12:11:04.785 [main] Log4jExample - this is a wraning messsage
[FATAL] 2024-09-21 12:11:04.785 [main] Log4jExample - this is a fatal message
[TRACE] 2024-09-21 12:11:58.347 [main] Log4jExample - this is a trace message
[INFO ] 2024-09-21 12:11:58.349 [main] Log4jExample - login to log4jExample class
[ERROR] 2024-09-21 12:11:58.350 [main] Log4jExample - if login is failed then it will display the error
[WARN ] 2024-09-21 12:11:58.350 [main] Log4jExample - this is a wraning messsage
[FATAL] 2024-09-21 12:11:58.350 [main] Log4jExample - this is a fatal message
[TRACE] 2024-09-21 12:12:44.208 [main] Log4jExample - this is a trace message
[INFO ] 2024-09-21 12:12:44.211 [main] Log4jExample - login to log4jExample class
[ERROR] 2024-09-21 12:12:44.211 [main] Log4jExample - if login is failed then it will display the error
[WARN ] 2024-09-21 12:12:44.211 [main] Log4jExample - this is a wraning messsage
[FATAL] 2024-09-21 12:12:44.211 [main] Log4jExample - this is a fatal message
[INFO ] 2024-09-21 12:14:05.986 [main] SeleniumTestWithLog4j - launching the chrome browser
[INFO ] 2024-09-21 12:14:06.928 [main] SeleniumTestWithLog4j - navigating the selenium browser
[INFO ] 2024-09-21 12:14:07.633 [main] SeleniumTestWithLog4j - webpage opened successfully
[DEBUG] 2024-09-21 12:14:07.634 [main] SeleniumTestWithLog4j - Maximizing the browser window
[FATAL] 2024-09-21 12:14:09.701 [main] SeleniumTestWithLog4j - the title of the page test is not passed
[INFO ] 2024-09-21 12:14:09.712 [main] SeleniumTestWithLog4j - closed the browser
[INFO ] 2024-09-21 12:16:06.453 [main] SeleniumTestWithLog4j - launching the chrome browser
[INFO ] 2024-09-21 12:16:07.448 [main] SeleniumTestWithLog4j - navigating the selenium browser
[INFO ] 2024-09-21 12:16:07.834 [main] SeleniumTestWithLog4j - webpage opened successfully
[DEBUG] 2024-09-21 12:16:07.834 [main] SeleniumTestWithLog4j - Maximizing the browser window
[FATAL] 2024-09-21 12:16:09.880 [main] SeleniumTestWithLog4j - the title of the page test is not passed
[INFO ] 2024-09-21 12:16:09.890 [main] SeleniumTestWithLog4j - closed the browser
[INFO ] 2024-09-21 15:44:44.495 [main] SeleniumTestWithLog4j - launching the chrome browser
[INFO ] 2024-09-21 15:44:45.464 [main] SeleniumTestWithLog4j - navigating the selenium browser
[INFO ] 2024-09-21 15:44:45.747 [main] SeleniumTestWithLog4j - webpage opened successfully
[DEBUG] 2024-09-21 15:44:45.748 [main] SeleniumTestWithLog4j - Maximizing the browser window
[FATAL] 2024-09-21 15:44:47.822 [main] SeleniumTestWithLog4j - the title of the page test is not passed
[INFO ] 2024-09-21 15:44:47.836 [main] SeleniumTestWithLog4j - closed the browser
[INFO ] 2024-09-21 15:57:00.269 [main] SeleniumTestWithLog4j - launching the chrome browser
[INFO ] 2024-09-21 15:57:01.315 [main] SeleniumTestWithLog4j - navigating the selenium browser
[INFO ] 2024-09-21 15:57:01.575 [main] SeleniumTestWithLog4j - webpage opened successfully
[DEBUG] 2024-09-21 15:57:01.576 [main] SeleniumTestWithLog4j - Maximizing the browser window
[FATAL] 2024-09-21 15:57:03.636 [main] SeleniumTestWithLog4j - the title of the page test is not passed
[INFO ] 2024-09-21 15:57:03.647 [main] SeleniumTestWithLog4j - closed the browser
[TRACE] 2024-09-21 15:58:13.245 [main] Log4jExample - this is a trace message
[INFO ] 2024-09-21 15:58:13.248 [main] Log4jExample - login to log4jExample class
[ERROR] 2024-09-21 15:58:13.248 [main] Log4jExample - if login is failed then it will display the error
[WARN ] 2024-09-21 15:58:13.249 [main] Log4jExample - this is a wraning messsage
[FATAL] 2024-09-21 15:58:13.249 [main] Log4jExample - this is a fatal message
[INFO ] 2024-09-21 15:59:10.994 [main] SeleniumTestWithLog4j - launching the chrome browser
[INFO ] 2024-09-21 15:59:11.976 [main] SeleniumTestWithLog4j - navigating the selenium browser
[INFO ] 2024-09-21 15:59:12.198 [main] SeleniumTestWithLog4j - webpage opened successfully
[DEBUG] 2024-09-21 15:59:12.199 [main] SeleniumTestWithLog4j - Maximizing the browser window
[FATAL] 2024-09-21 15:59:14.251 [main] SeleniumTestWithLog4j - the title of the page test is not passed
[INFO ] 2024-09-21 15:59:14.264 [main] SeleniumTestWithLog4j - closed the browser
[INFO ] 2024-09-21 16:00:58.152 [main] SeleniumTestWithLog4j - launching the chrome browser
[INFO ] 2024-09-21 16:00:59.232 [main] SeleniumTestWithLog4j - navigating the selenium browser
[INFO ] 2024-09-21 16:00:59.492 [main] SeleniumTestWithLog4j - webpage opened successfully
[DEBUG] 2024-09-21 16:00:59.493 [main] SeleniumTestWithLog4j - Maximizing the browser window
[FATAL] 2024-09-21 16:01:01.559 [main] SeleniumTestWithLog4j - the title of the page test is not passed
[INFO ] 2024-09-21 16:01:01.568 [main] SeleniumTestWithLog4j - closed the browser
[INFO ] 2024-09-21 16:10:37.551 [main] SeleniumTestWithLog4j - launching the chrome browser
[INFO ] 2024-09-21 16:10:38.556 [main] SeleniumTestWithLog4j - navigating the selenium browser
[INFO ] 2024-09-21 16:10:38.813 [main] SeleniumTestWithLog4j - webpage opened successfully
[DEBUG] 2024-09-21 16:10:38.815 [main] SeleniumTestWithLog4j - Maximizing the browser window
[FATAL] 2024-09-21 16:10:40.878 [main] SeleniumTestWithLog4j - the title of the page test is not passed
[INFO ] 2024-09-21 16:10:40.890 [main] SeleniumTestWithLog4j - closed the browser
[TRACE] 2024-09-21 16:11:52.267 [main] Log4jExample - this is a trace message
[INFO ] 2024-09-21 16:11:52.270 [main] Log4jExample - login to log4jExample class
[ERROR] 2024-09-21 16:11:52.271 [main] Log4jExample - if login is failed then it will display the error
[WARN ] 2024-09-21 16:11:52.271 [main] Log4jExample - this is a wraning messsage
[FATAL] 2024-09-21 16:11:52.271 [main] Log4jExample - this is a fatal message
[DEBUG] 2024-09-27 11:20:50.528 [main] InternalWorkbook - creating new workbook from scratch
[DEBUG] 2024-09-27 11:20:50.548 [main] InternalWorkbook - getNumSheets=1
[DEBUG] 2024-09-27 11:20:50.550 [main] InternalWorkbook - exit create new workbook from scratch
[DEBUG] 2024-09-27 11:20:50.595 [main] InternalSheet - Sheet createsheet from scratch called
[DEBUG] 2024-09-27 11:20:50.605 [main] InternalSheet - Sheet createsheet from scratch exit
[DEBUG] 2024-09-27 11:20:50.608 [main] InternalSheet - addRow 
[DEBUG] 2024-09-27 11:20:50.609 [main] InternalSheet - exit addRow
[DEBUG] 2024-09-27 11:20:50.612 [main] InternalSheet - add value record row0
[DEBUG] 2024-09-27 11:20:50.614 [main] InternalSheet - replaceValueRecord 
[DEBUG] 2024-09-27 11:20:50.614 [main] InternalWorkbook - insert to sst string='selenium webdriver'
[TRACE] 2024-09-27 11:20:50.615 [main] InternalWorkbook - Returning SST for index=0 String= selenium webdriver
[DEBUG] 2024-09-27 11:20:50.615 [main] InternalSheet - add value record row0
[DEBUG] 2024-09-27 11:20:50.615 [main] InternalSheet - replaceValueRecord 
[DEBUG] 2024-09-27 11:20:50.615 [main] InternalWorkbook - insert to sst string='selenium automation'
[TRACE] 2024-09-27 11:20:50.615 [main] InternalWorkbook - Returning SST for index=1 String= selenium automation
[DEBUG] 2024-09-27 11:20:50.616 [main] InternalSheet - addRow 
[DEBUG] 2024-09-27 11:20:50.616 [main] InternalSheet - exit addRow
[DEBUG] 2024-09-27 11:20:50.616 [main] InternalSheet - add value record row1
[DEBUG] 2024-09-27 11:20:50.616 [main] InternalSheet - replaceValueRecord 
[DEBUG] 2024-09-27 11:20:50.616 [main] InternalWorkbook - insert to sst string='ExcelSheet'
[TRACE] 2024-09-27 11:20:50.616 [main] InternalWorkbook - Returning SST for index=2 String= ExcelSheet
[DEBUG] 2024-09-27 11:20:50.616 [main] InternalSheet - add value record row1
[DEBUG] 2024-09-27 11:20:50.617 [main] InternalSheet - replaceValueRecord 
[DEBUG] 2024-09-27 11:20:50.617 [main] InternalWorkbook - insert to sst string='selenium.dev'
[TRACE] 2024-09-27 11:20:50.617 [main] InternalWorkbook - Returning SST for index=3 String= selenium.dev
[DEBUG] 2024-09-27 11:20:50.637 [main] HSSFWorkbook - HSSFWorkbook.getBytes()
[WARN ] 2024-09-27 11:20:50.637 [main] POIDocument - DocumentSummaryInformation property set came back as null
[WARN ] 2024-09-27 11:20:50.637 [main] POIDocument - SummaryInformation property set came back as null
[DEBUG] 2024-09-27 11:20:50.641 [main] InternalWorkbook - setting bof for sheetnum =0 at pos=1437
[DEBUG] 2024-09-27 11:20:50.644 [main] InternalWorkbook - Serializing Workbook with offsets
[DEBUG] 2024-09-27 11:20:50.644 [main] InternalWorkbook - Exiting serialize workbook
[TRACE] 2024-10-22 11:47:12.515 [main] XBeanDebug - Loading type system org.apache.poi.schemas.ooxml.system.ooxml
[TRACE] 2024-10-22 11:47:12.522 [main] XBeanDebug - Loading type system org.apache.xmlbeans.metadata.system.sXMLCONFIG
[TRACE] 2024-10-22 11:47:12.524 [main] XBeanDebug - Loading type system org.apache.xmlbeans.metadata.system.sXMLLANG
[TRACE] 2024-10-22 11:47:12.525 [main] XBeanDebug - Loading type system org.apache.xmlbeans.metadata.system.sXMLSCHEMA
[TRACE] 2024-10-22 11:47:12.526 [main] XBeanDebug - Loading type system org.apache.xmlbeans.metadata.system.sXMLTOOLS
[TRACE] 2024-10-22 11:47:12.528 [main] XBeanDebug - Reading unresolved handles for type system org.apache.xmlbeans.metadata.system.sXMLTOOLS
[TRACE] 2024-10-22 11:47:12.545 [main] XBeanDebug - Finished loading type system org.apache.xmlbeans.metadata.system.sXMLTOOLS
[TRACE] 2024-10-22 11:47:12.547 [main] XBeanDebug - Reading unresolved handles for type system org.apache.xmlbeans.metadata.system.sXMLSCHEMA
[TRACE] 2024-10-22 11:47:12.558 [main] XBeanDebug - Finished loading type system org.apache.xmlbeans.metadata.system.sXMLSCHEMA
[TRACE] 2024-10-22 11:47:12.559 [main] XBeanDebug - Reading unresolved handles for type system org.apache.xmlbeans.metadata.system.sXMLLANG
[TRACE] 2024-10-22 11:47:12.560 [main] XBeanDebug - Finished loading type system org.apache.xmlbeans.metadata.system.sXMLLANG
[TRACE] 2024-10-22 11:47:12.561 [main] XBeanDebug - Reading unresolved handles for type system org.apache.xmlbeans.metadata.system.sXMLCONFIG
[TRACE] 2024-10-22 11:47:12.563 [main] XBeanDebug - Finished loading type system org.apache.xmlbeans.metadata.system.sXMLCONFIG
[TRACE] 2024-10-22 11:47:12.564 [main] XBeanDebug - Reading unresolved handles for type system org.apache.poi.schemas.ooxml.system.ooxml
[TRACE] 2024-10-22 11:47:12.619 [main] XBeanDebug - Finished loading type system org.apache.poi.schemas.ooxml.system.ooxml
[TRACE] 2024-10-22 11:47:12.621 [main] XBeanDebug - Resolving type for handle ctworkbook83c3type
[TRACE] 2024-10-22 11:47:12.663 [main] XBeanDebug - Resolving type for handle ctworkbookpr03a5type
[TRACE] 2024-10-22 11:47:12.671 [main] XBeanDebug - Resolving type for handle ctbookviewsb864type
[TRACE] 2024-10-22 11:47:12.674 [main] XBeanDebug - Resolving type for handle ctbookviewf677type
[TRACE] 2024-10-22 11:47:12.681 [main] XBeanDebug - Resolving type for handle ctsheets49fdtype
[TRACE] 2024-10-22 11:47:12.686 [main] XBeanDebug - Resolving type for handle propertiesee84doctype
[TRACE] 2024-10-22 11:47:12.688 [main] XBeanDebug - Resolving type for handle ctproperties3f10type
[TRACE] 2024-10-22 11:47:12.693 [main] XBeanDebug - Resolving type for handle properties288cdoctype
[TRACE] 2024-10-22 11:47:12.694 [main] XBeanDebug - Resolving type for handle ctproperties2c18type
[TRACE] 2024-10-22 11:47:12.701 [main] XBeanDebug - Resolving type for handle sstf81fdoctype
[TRACE] 2024-10-22 11:47:12.702 [main] XBeanDebug - Resolving type for handle ctsst44f3type
[TRACE] 2024-10-22 11:47:12.707 [main] XBeanDebug - Resolving type for handle stylesheet5d8bdoctype
[TRACE] 2024-10-22 11:47:12.710 [main] XBeanDebug - Resolving type for handle ctstylesheet4257type
[TRACE] 2024-10-22 11:47:12.714 [main] XBeanDebug - Resolving type for handle ctfont14d8type
[TRACE] 2024-10-22 11:47:12.719 [main] XBeanDebug - Resolving type for handle ctfontsizeb3b9type
[TRACE] 2024-10-22 11:47:12.723 [main] XBeanDebug - Resolving type for handle ctcolord2c2type
[TRACE] 2024-10-22 11:47:12.727 [main] XBeanDebug - Resolving type for handle ctfontname2dc3type
[TRACE] 2024-10-22 11:47:12.729 [main] XBeanDebug - Resolving type for handle stxstringf179type
[TRACE] 2024-10-22 11:47:12.732 [main] XBeanDebug - Resolving type for handle ctfontfamily685ctype
[TRACE] 2024-10-22 11:47:12.733 [main] XBeanDebug - Resolving type for handle stfontfamily9c6ctype
[TRACE] 2024-10-22 11:47:12.737 [main] XBeanDebug - Resolving type for handle ctfontschemebf5dtype
[TRACE] 2024-10-22 11:47:12.740 [main] XBeanDebug - Resolving type for handle stfontschemef36dtype
[TRACE] 2024-10-22 11:47:12.743 [main] XBeanDebug - Resolving type for handle ctfill550ctype
[TRACE] 2024-10-22 11:47:12.746 [main] XBeanDebug - Resolving type for handle ctpatternfill7452type
[TRACE] 2024-10-22 11:47:12.751 [main] XBeanDebug - Resolving type for handle stpatterntype7939type
[TRACE] 2024-10-22 11:47:12.755 [main] XBeanDebug - Resolving type for handle ctborderf935type
[TRACE] 2024-10-22 11:47:12.757 [main] XBeanDebug - Resolving type for handle ctborderpre497type
[TRACE] 2024-10-22 11:47:12.762 [main] XBeanDebug - Resolving type for handle ctxf97f7type
[TRACE] 2024-10-22 11:47:12.766 [main] XBeanDebug - Resolving type for handle stnumfmtid76fbtype
[TRACE] 2024-10-22 11:47:12.768 [main] XBeanDebug - Resolving type for handle stfontid9d63type
[TRACE] 2024-10-22 11:47:12.769 [main] XBeanDebug - Resolving type for handle stfillida097type
[TRACE] 2024-10-22 11:47:12.771 [main] XBeanDebug - Resolving type for handle stborderid1a80type
[TRACE] 2024-10-22 11:47:12.773 [main] XBeanDebug - Resolving type for handle stcellstylexfid70c7type
[TRACE] 2024-10-22 11:47:12.778 [main] XBeanDebug - Resolving type for handle ctsheet4dbetype
[TRACE] 2024-10-22 11:47:12.783 [main] XBeanDebug - Resolving type for handle ctworksheet530dtype
[TRACE] 2024-10-22 11:47:12.788 [main] XBeanDebug - Resolving type for handle ctsheetformatprdef7type
[TRACE] 2024-10-22 11:47:12.792 [main] XBeanDebug - Resolving type for handle ctsheetviewsb918type
[TRACE] 2024-10-22 11:47:12.795 [main] XBeanDebug - Resolving type for handle ctsheetview0f43type
[TRACE] 2024-10-22 11:47:12.799 [main] XBeanDebug - Resolving type for handle ctsheetdimensiond310type
[TRACE] 2024-10-22 11:47:12.801 [main] XBeanDebug - Resolving type for handle stref90a2type
[TRACE] 2024-10-22 11:47:12.802 [main] XBeanDebug - Resolving type for handle ctsheetdata8408type
[TRACE] 2024-10-22 11:47:12.804 [main] XBeanDebug - Resolving type for handle ctpagemargins5455type
[TRACE] 2024-10-22 11:47:12.810 [main] XBeanDebug - Resolving type for handle ctcols627ctype
[TRACE] 2024-10-22 11:47:12.813 [main] XBeanDebug - Resolving type for handle strelationshipid1e94type
[TRACE] 2024-10-22 11:47:12.816 [main] XBeanDebug - Resolving type for handle ctrowdd39type
[TRACE] 2024-10-22 11:47:12.823 [main] XBeanDebug - Resolving type for handle ctcell842btype
[TRACE] 2024-10-22 11:47:12.830 [main] XBeanDebug - Resolving type for handle stcellrefe4e0type
[TRACE] 2024-10-22 11:47:12.833 [main] XBeanDebug - Resolving type for handle ctrsta472type
[TRACE] 2024-10-22 11:47:12.836 [main] XBeanDebug - Resolving type for handle stcelltypebf95type
[TRACE] 2024-10-22 11:47:12.857 [main] XBeanDebug - Resolving type for handle ctnumfmtsb58btype
[TRACE] 2024-10-22 11:47:12.859 [main] XBeanDebug - Resolving type for handle ctfonts6623type
[TRACE] 2024-10-22 11:47:12.863 [main] XBeanDebug - Resolving type for handle ctfills2c6ftype
[TRACE] 2024-10-22 11:47:12.865 [main] XBeanDebug - Resolving type for handle ctborders0d66type
[TRACE] 2024-10-22 11:47:12.867 [main] XBeanDebug - Resolving type for handle ctcellxfs1322type
[TRACE] 2024-10-22 11:47:12.869 [main] XBeanDebug - Resolving type for handle ctcellstylexfsa81ftype
[DEBUG] 2024-10-22 11:47:12.885 [main] ZipPackage - Save core properties part
[DEBUG] 2024-10-22 11:47:12.886 [main] ZipPackage - Save content types part
[DEBUG] 2024-10-22 11:47:13.011 [main] ZipPackage - Save package relationships
[DEBUG] 2024-10-22 11:47:13.016 [main] ZipPackage - Save part 'docProps/app.xml'
[DEBUG] 2024-10-22 11:47:13.020 [main] ZipPackage - Save part 'docProps/core.xml'
[DEBUG] 2024-10-22 11:47:13.027 [main] ZipPackage - Save part 'xl/sharedStrings.xml'
[DEBUG] 2024-10-22 11:47:13.027 [main] ZipPackage - Save part 'xl/styles.xml'
[DEBUG] 2024-10-22 11:47:13.027 [main] ZipPackage - Save part 'xl/workbook.xml'
[DEBUG] 2024-10-22 11:47:13.029 [main] ZipPackage - Save part 'xl/worksheets/sheet1.xml'
[DEBUG] 2024-10-22 11:47:13.032 [main] ZipPackage - Save content types part
[DEBUG] 2024-10-22 11:47:13.034 [main] ZipPackage - Save package relationships
[DEBUG] 2024-10-22 11:47:13.036 [main] ZipPackage - Save part 'docProps/app.xml'
[DEBUG] 2024-10-22 11:47:13.036 [main] ZipPackage - Save part 'docProps/core.xml'
[DEBUG] 2024-10-22 11:47:13.038 [main] ZipPackage - Save part 'xl/sharedStrings.xml'
[DEBUG] 2024-10-22 11:47:13.038 [main] ZipPackage - Save part 'xl/styles.xml'
[DEBUG] 2024-10-22 11:47:13.038 [main] ZipPackage - Save part 'xl/workbook.xml'
[DEBUG] 2024-10-22 11:47:13.040 [main] ZipPackage - Save part 'xl/worksheets/sheet1.xml'
[TRACE] 2024-10-22 11:47:45.188 [main] XBeanDebug - Loading type system org.apache.poi.schemas.ooxml.system.ooxml
[TRACE] 2024-10-22 11:47:45.194 [main] XBeanDebug - Loading type system org.apache.xmlbeans.metadata.system.sXMLCONFIG
[TRACE] 2024-10-22 11:47:45.195 [main] XBeanDebug - Loading type system org.apache.xmlbeans.metadata.system.sXMLLANG
[TRACE] 2024-10-22 11:47:45.196 [main] XBeanDebug - Loading type system org.apache.xmlbeans.metadata.system.sXMLSCHEMA
[TRACE] 2024-10-22 11:47:45.197 [main] XBeanDebug - Loading type system org.apache.xmlbeans.metadata.system.sXMLTOOLS
[TRACE] 2024-10-22 11:47:45.198 [main] XBeanDebug - Reading unresolved handles for type system org.apache.xmlbeans.metadata.system.sXMLTOOLS
[TRACE] 2024-10-22 11:47:45.211 [main] XBeanDebug - Finished loading type system org.apache.xmlbeans.metadata.system.sXMLTOOLS
[TRACE] 2024-10-22 11:47:45.211 [main] XBeanDebug - Reading unresolved handles for type system org.apache.xmlbeans.metadata.system.sXMLSCHEMA
[TRACE] 2024-10-22 11:47:45.221 [main] XBeanDebug - Finished loading type system org.apache.xmlbeans.metadata.system.sXMLSCHEMA
[TRACE] 2024-10-22 11:47:45.222 [main] XBeanDebug - Reading unresolved handles for type system org.apache.xmlbeans.metadata.system.sXMLLANG
[TRACE] 2024-10-22 11:47:45.223 [main] XBeanDebug - Finished loading type system org.apache.xmlbeans.metadata.system.sXMLLANG
[TRACE] 2024-10-22 11:47:45.224 [main] XBeanDebug - Reading unresolved handles for type system org.apache.xmlbeans.metadata.system.sXMLCONFIG
[TRACE] 2024-10-22 11:47:45.226 [main] XBeanDebug - Finished loading type system org.apache.xmlbeans.metadata.system.sXMLCONFIG
[TRACE] 2024-10-22 11:47:45.226 [main] XBeanDebug - Reading unresolved handles for type system org.apache.poi.schemas.ooxml.system.ooxml
[TRACE] 2024-10-22 11:47:45.285 [main] XBeanDebug - Finished loading type system org.apache.poi.schemas.ooxml.system.ooxml
[TRACE] 2024-10-22 11:47:45.286 [main] XBeanDebug - Resolving type for handle ctworkbook83c3type
[TRACE] 2024-10-22 11:47:45.317 [main] XBeanDebug - Resolving type for handle ctworkbookpr03a5type
[TRACE] 2024-10-22 11:47:45.324 [main] XBeanDebug - Resolving type for handle ctbookviewsb864type
[TRACE] 2024-10-22 11:47:45.326 [main] XBeanDebug - Resolving type for handle ctbookviewf677type
[TRACE] 2024-10-22 11:47:45.330 [main] XBeanDebug - Resolving type for handle ctsheets49fdtype
[TRACE] 2024-10-22 11:47:45.333 [main] XBeanDebug - Resolving type for handle propertiesee84doctype
[TRACE] 2024-10-22 11:47:45.335 [main] XBeanDebug - Resolving type for handle ctproperties3f10type
[TRACE] 2024-10-22 11:47:45.339 [main] XBeanDebug - Resolving type for handle properties288cdoctype
[TRACE] 2024-10-22 11:47:45.341 [main] XBeanDebug - Resolving type for handle ctproperties2c18type
[TRACE] 2024-10-22 11:47:45.345 [main] XBeanDebug - Resolving type for handle sstf81fdoctype
[TRACE] 2024-10-22 11:47:45.347 [main] XBeanDebug - Resolving type for handle ctsst44f3type
[TRACE] 2024-10-22 11:47:45.351 [main] XBeanDebug - Resolving type for handle stylesheet5d8bdoctype
[TRACE] 2024-10-22 11:47:45.352 [main] XBeanDebug - Resolving type for handle ctstylesheet4257type
[TRACE] 2024-10-22 11:47:45.355 [main] XBeanDebug - Resolving type for handle ctfont14d8type
[TRACE] 2024-10-22 11:47:45.359 [main] XBeanDebug - Resolving type for handle ctfontsizeb3b9type
[TRACE] 2024-10-22 11:47:45.362 [main] XBeanDebug - Resolving type for handle ctcolord2c2type
[TRACE] 2024-10-22 11:47:45.365 [main] XBeanDebug - Resolving type for handle ctfontname2dc3type
[TRACE] 2024-10-22 11:47:45.366 [main] XBeanDebug - Resolving type for handle stxstringf179type
[TRACE] 2024-10-22 11:47:45.369 [main] XBeanDebug - Resolving type for handle ctfontfamily685ctype
[TRACE] 2024-10-22 11:47:45.371 [main] XBeanDebug - Resolving type for handle stfontfamily9c6ctype
[TRACE] 2024-10-22 11:47:45.373 [main] XBeanDebug - Resolving type for handle ctfontschemebf5dtype
[TRACE] 2024-10-22 11:47:45.376 [main] XBeanDebug - Resolving type for handle stfontschemef36dtype
[TRACE] 2024-10-22 11:47:45.378 [main] XBeanDebug - Resolving type for handle ctfill550ctype
[TRACE] 2024-10-22 11:47:45.380 [main] XBeanDebug - Resolving type for handle ctpatternfill7452type
[TRACE] 2024-10-22 11:47:45.383 [main] XBeanDebug - Resolving type for handle stpatterntype7939type
[TRACE] 2024-10-22 11:47:45.385 [main] XBeanDebug - Resolving type for handle ctborderf935type
[TRACE] 2024-10-22 11:47:45.388 [main] XBeanDebug - Resolving type for handle ctborderpre497type
[TRACE] 2024-10-22 11:47:45.391 [main] XBeanDebug - Resolving type for handle ctxf97f7type
[TRACE] 2024-10-22 11:47:45.394 [main] XBeanDebug - Resolving type for handle stnumfmtid76fbtype
[TRACE] 2024-10-22 11:47:45.396 [main] XBeanDebug - Resolving type for handle stfontid9d63type
[TRACE] 2024-10-22 11:47:45.397 [main] XBeanDebug - Resolving type for handle stfillida097type
[TRACE] 2024-10-22 11:47:45.398 [main] XBeanDebug - Resolving type for handle stborderid1a80type
[TRACE] 2024-10-22 11:47:45.400 [main] XBeanDebug - Resolving type for handle stcellstylexfid70c7type
[TRACE] 2024-10-22 11:47:45.403 [main] XBeanDebug - Resolving type for handle ctsheet4dbetype
[TRACE] 2024-10-22 11:47:45.407 [main] XBeanDebug - Resolving type for handle ctworksheet530dtype
[TRACE] 2024-10-22 11:47:45.410 [main] XBeanDebug - Resolving type for handle ctsheetformatprdef7type
[TRACE] 2024-10-22 11:47:45.415 [main] XBeanDebug - Resolving type for handle ctsheetviewsb918type
[TRACE] 2024-10-22 11:47:45.418 [main] XBeanDebug - Resolving type for handle ctsheetview0f43type
[TRACE] 2024-10-22 11:47:45.422 [main] XBeanDebug - Resolving type for handle ctsheetdimensiond310type
[TRACE] 2024-10-22 11:47:45.424 [main] XBeanDebug - Resolving type for handle stref90a2type
[TRACE] 2024-10-22 11:47:45.425 [main] XBeanDebug - Resolving type for handle ctsheetdata8408type
[TRACE] 2024-10-22 11:47:45.427 [main] XBeanDebug - Resolving type for handle ctpagemargins5455type
[TRACE] 2024-10-22 11:47:45.432 [main] XBeanDebug - Resolving type for handle ctcols627ctype
[TRACE] 2024-10-22 11:47:45.436 [main] XBeanDebug - Resolving type for handle strelationshipid1e94type
[TRACE] 2024-10-22 11:47:45.438 [main] XBeanDebug - Resolving type for handle ctrowdd39type
[TRACE] 2024-10-22 11:47:45.443 [main] XBeanDebug - Resolving type for handle ctcell842btype
[TRACE] 2024-10-22 11:47:45.450 [main] XBeanDebug - Resolving type for handle stcellrefe4e0type
[TRACE] 2024-10-22 11:47:45.454 [main] XBeanDebug - Resolving type for handle ctrsta472type
[TRACE] 2024-10-22 11:47:45.458 [main] XBeanDebug - Resolving type for handle stcelltypebf95type
[TRACE] 2024-10-22 11:47:45.478 [main] XBeanDebug - Resolving type for handle ctnumfmtsb58btype
[TRACE] 2024-10-22 11:47:45.480 [main] XBeanDebug - Resolving type for handle ctfonts6623type
[TRACE] 2024-10-22 11:47:45.483 [main] XBeanDebug - Resolving type for handle ctfills2c6ftype
[TRACE] 2024-10-22 11:47:45.486 [main] XBeanDebug - Resolving type for handle ctborders0d66type
[TRACE] 2024-10-22 11:47:45.488 [main] XBeanDebug - Resolving type for handle ctcellxfs1322type
[TRACE] 2024-10-22 11:47:45.490 [main] XBeanDebug - Resolving type for handle ctcellstylexfsa81ftype
[DEBUG] 2024-10-22 11:47:45.503 [main] ZipPackage - Save core properties part
[DEBUG] 2024-10-22 11:47:45.504 [main] ZipPackage - Save content types part
[DEBUG] 2024-10-22 11:47:45.595 [main] ZipPackage - Save package relationships
[DEBUG] 2024-10-22 11:47:45.601 [main] ZipPackage - Save part 'docProps/app.xml'
[DEBUG] 2024-10-22 11:47:45.607 [main] ZipPackage - Save part 'docProps/core.xml'
[DEBUG] 2024-10-22 11:47:45.616 [main] ZipPackage - Save part 'xl/sharedStrings.xml'
[DEBUG] 2024-10-22 11:47:45.616 [main] ZipPackage - Save part 'xl/styles.xml'
[DEBUG] 2024-10-22 11:47:45.617 [main] ZipPackage - Save part 'xl/workbook.xml'
[DEBUG] 2024-10-22 11:47:45.619 [main] ZipPackage - Save part 'xl/worksheets/sheet1.xml'
[DEBUG] 2024-10-22 11:47:45.626 [main] ZipPackage - Save content types part
[DEBUG] 2024-10-22 11:47:45.628 [main] ZipPackage - Save package relationships
[DEBUG] 2024-10-22 11:47:45.630 [main] ZipPackage - Save part 'docProps/app.xml'
[DEBUG] 2024-10-22 11:47:45.630 [main] ZipPackage - Save part 'docProps/core.xml'
[DEBUG] 2024-10-22 11:47:45.632 [main] ZipPackage - Save part 'xl/sharedStrings.xml'
[DEBUG] 2024-10-22 11:47:45.632 [main] ZipPackage - Save part 'xl/styles.xml'
[DEBUG] 2024-10-22 11:47:45.632 [main] ZipPackage - Save part 'xl/workbook.xml'
[DEBUG] 2024-10-22 11:47:45.635 [main] ZipPackage - Save part 'xl/worksheets/sheet1.xml'
[TRACE] 2024-10-22 15:43:42.874 [main] XBeanDebug - Loading type system org.apache.poi.schemas.ooxml.system.ooxml
[TRACE] 2024-10-22 15:43:42.880 [main] XBeanDebug - Loading type system org.apache.xmlbeans.metadata.system.sXMLCONFIG
[TRACE] 2024-10-22 15:43:42.882 [main] XBeanDebug - Loading type system org.apache.xmlbeans.metadata.system.sXMLLANG
[TRACE] 2024-10-22 15:43:42.883 [main] XBeanDebug - Loading type system org.apache.xmlbeans.metadata.system.sXMLSCHEMA
[TRACE] 2024-10-22 15:43:42.883 [main] XBeanDebug - Loading type system org.apache.xmlbeans.metadata.system.sXMLTOOLS
[TRACE] 2024-10-22 15:43:42.886 [main] XBeanDebug - Reading unresolved handles for type system org.apache.xmlbeans.metadata.system.sXMLTOOLS
[TRACE] 2024-10-22 15:43:42.901 [main] XBeanDebug - Finished loading type system org.apache.xmlbeans.metadata.system.sXMLTOOLS
[TRACE] 2024-10-22 15:43:42.903 [main] XBeanDebug - Reading unresolved handles for type system org.apache.xmlbeans.metadata.system.sXMLSCHEMA
[TRACE] 2024-10-22 15:43:42.913 [main] XBeanDebug - Finished loading type system org.apache.xmlbeans.metadata.system.sXMLSCHEMA
[TRACE] 2024-10-22 15:43:42.914 [main] XBeanDebug - Reading unresolved handles for type system org.apache.xmlbeans.metadata.system.sXMLLANG
[TRACE] 2024-10-22 15:43:42.916 [main] XBeanDebug - Finished loading type system org.apache.xmlbeans.metadata.system.sXMLLANG
[TRACE] 2024-10-22 15:43:42.918 [main] XBeanDebug - Reading unresolved handles for type system org.apache.xmlbeans.metadata.system.sXMLCONFIG
[TRACE] 2024-10-22 15:43:42.919 [main] XBeanDebug - Finished loading type system org.apache.xmlbeans.metadata.system.sXMLCONFIG
[TRACE] 2024-10-22 15:43:42.921 [main] XBeanDebug - Reading unresolved handles for type system org.apache.poi.schemas.ooxml.system.ooxml
[TRACE] 2024-10-22 15:43:42.991 [main] XBeanDebug - Finished loading type system org.apache.poi.schemas.ooxml.system.ooxml
[TRACE] 2024-10-22 15:43:42.992 [main] XBeanDebug - Resolving type for handle ctworkbook83c3type
[TRACE] 2024-10-22 15:43:43.037 [main] XBeanDebug - Resolving type for handle ctworkbookpr03a5type
[TRACE] 2024-10-22 15:43:43.046 [main] XBeanDebug - Resolving type for handle ctbookviewsb864type
[TRACE] 2024-10-22 15:43:43.048 [main] XBeanDebug - Resolving type for handle ctbookviewf677type
[TRACE] 2024-10-22 15:43:43.055 [main] XBeanDebug - Resolving type for handle ctsheets49fdtype
[TRACE] 2024-10-22 15:43:43.058 [main] XBeanDebug - Resolving type for handle propertiesee84doctype
[TRACE] 2024-10-22 15:43:43.060 [main] XBeanDebug - Resolving type for handle ctproperties3f10type
[TRACE] 2024-10-22 15:43:43.064 [main] XBeanDebug - Resolving type for handle properties288cdoctype
[TRACE] 2024-10-22 15:43:43.067 [main] XBeanDebug - Resolving type for handle ctproperties2c18type
[TRACE] 2024-10-22 15:43:43.073 [main] XBeanDebug - Resolving type for handle sstf81fdoctype
[TRACE] 2024-10-22 15:43:43.074 [main] XBeanDebug - Resolving type for handle ctsst44f3type
[TRACE] 2024-10-22 15:43:43.079 [main] XBeanDebug - Resolving type for handle stylesheet5d8bdoctype
[TRACE] 2024-10-22 15:43:43.081 [main] XBeanDebug - Resolving type for handle ctstylesheet4257type
[TRACE] 2024-10-22 15:43:43.084 [main] XBeanDebug - Resolving type for handle ctfont14d8type
[TRACE] 2024-10-22 15:43:43.089 [main] XBeanDebug - Resolving type for handle ctfontsizeb3b9type
[TRACE] 2024-10-22 15:43:43.093 [main] XBeanDebug - Resolving type for handle ctcolord2c2type
[TRACE] 2024-10-22 15:43:43.096 [main] XBeanDebug - Resolving type for handle ctfontname2dc3type
[TRACE] 2024-10-22 15:43:43.099 [main] XBeanDebug - Resolving type for handle stxstringf179type
[TRACE] 2024-10-22 15:43:43.101 [main] XBeanDebug - Resolving type for handle ctfontfamily685ctype
[TRACE] 2024-10-22 15:43:43.105 [main] XBeanDebug - Resolving type for handle stfontfamily9c6ctype
[TRACE] 2024-10-22 15:43:43.108 [main] XBeanDebug - Resolving type for handle ctfontschemebf5dtype
[TRACE] 2024-10-22 15:43:43.110 [main] XBeanDebug - Resolving type for handle stfontschemef36dtype
[TRACE] 2024-10-22 15:43:43.112 [main] XBeanDebug - Resolving type for handle ctfill550ctype
[TRACE] 2024-10-22 15:43:43.115 [main] XBeanDebug - Resolving type for handle ctpatternfill7452type
[TRACE] 2024-10-22 15:43:43.119 [main] XBeanDebug - Resolving type for handle stpatterntype7939type
[TRACE] 2024-10-22 15:43:43.122 [main] XBeanDebug - Resolving type for handle ctborderf935type
[TRACE] 2024-10-22 15:43:43.125 [main] XBeanDebug - Resolving type for handle ctborderpre497type
[TRACE] 2024-10-22 15:43:43.130 [main] XBeanDebug - Resolving type for handle ctxf97f7type
[TRACE] 2024-10-22 15:43:43.133 [main] XBeanDebug - Resolving type for handle stnumfmtid76fbtype
[TRACE] 2024-10-22 15:43:43.135 [main] XBeanDebug - Resolving type for handle stfontid9d63type
[TRACE] 2024-10-22 15:43:43.136 [main] XBeanDebug - Resolving type for handle stfillida097type
[TRACE] 2024-10-22 15:43:43.139 [main] XBeanDebug - Resolving type for handle stborderid1a80type
[TRACE] 2024-10-22 15:43:43.140 [main] XBeanDebug - Resolving type for handle stcellstylexfid70c7type
[TRACE] 2024-10-22 15:43:43.144 [main] XBeanDebug - Resolving type for handle ctsheet4dbetype
[TRACE] 2024-10-22 15:43:43.149 [main] XBeanDebug - Resolving type for handle ctworksheet530dtype
[TRACE] 2024-10-22 15:43:43.154 [main] XBeanDebug - Resolving type for handle ctsheetformatprdef7type
[TRACE] 2024-10-22 15:43:43.161 [main] XBeanDebug - Resolving type for handle ctsheetviewsb918type
[TRACE] 2024-10-22 15:43:43.164 [main] XBeanDebug - Resolving type for handle ctsheetview0f43type
[TRACE] 2024-10-22 15:43:43.170 [main] XBeanDebug - Resolving type for handle ctsheetdimensiond310type
[TRACE] 2024-10-22 15:43:43.172 [main] XBeanDebug - Resolving type for handle stref90a2type
[TRACE] 2024-10-22 15:43:43.175 [main] XBeanDebug - Resolving type for handle ctsheetdata8408type
[TRACE] 2024-10-22 15:43:43.177 [main] XBeanDebug - Resolving type for handle ctpagemargins5455type
[TRACE] 2024-10-22 15:43:43.183 [main] XBeanDebug - Resolving type for handle ctcols627ctype
[TRACE] 2024-10-22 15:43:43.187 [main] XBeanDebug - Resolving type for handle strelationshipid1e94type
[TRACE] 2024-10-22 15:43:43.191 [main] XBeanDebug - Resolving type for handle ctrowdd39type
[TRACE] 2024-10-22 15:43:43.197 [main] XBeanDebug - Resolving type for handle ctcell842btype
[TRACE] 2024-10-22 15:43:43.206 [main] XBeanDebug - Resolving type for handle stcellrefe4e0type
[TRACE] 2024-10-22 15:43:43.212 [main] XBeanDebug - Resolving type for handle ctrsta472type
[TRACE] 2024-10-22 15:43:43.217 [main] XBeanDebug - Resolving type for handle stcelltypebf95type
[TRACE] 2024-10-22 15:43:43.246 [main] XBeanDebug - Resolving type for handle ctnumfmtsb58btype
[TRACE] 2024-10-22 15:43:43.248 [main] XBeanDebug - Resolving type for handle ctfonts6623type
[TRACE] 2024-10-22 15:43:43.254 [main] XBeanDebug - Resolving type for handle ctfills2c6ftype
[TRACE] 2024-10-22 15:43:43.257 [main] XBeanDebug - Resolving type for handle ctborders0d66type
[TRACE] 2024-10-22 15:43:43.260 [main] XBeanDebug - Resolving type for handle ctcellxfs1322type
[TRACE] 2024-10-22 15:43:43.262 [main] XBeanDebug - Resolving type for handle ctcellstylexfsa81ftype
[DEBUG] 2024-10-22 15:43:43.282 [main] ZipPackage - Save core properties part
[DEBUG] 2024-10-22 15:43:43.282 [main] ZipPackage - Save content types part
[DEBUG] 2024-10-22 15:43:43.409 [main] ZipPackage - Save package relationships
[DEBUG] 2024-10-22 15:43:43.418 [main] ZipPackage - Save part 'docProps/app.xml'
[DEBUG] 2024-10-22 15:43:43.422 [main] ZipPackage - Save part 'docProps/core.xml'
[DEBUG] 2024-10-22 15:43:43.432 [main] ZipPackage - Save part 'xl/sharedStrings.xml'
[DEBUG] 2024-10-22 15:43:43.433 [main] ZipPackage - Save part 'xl/styles.xml'
[DEBUG] 2024-10-22 15:43:43.433 [main] ZipPackage - Save part 'xl/workbook.xml'
[DEBUG] 2024-10-22 15:43:43.436 [main] ZipPackage - Save part 'xl/worksheets/sheet1.xml'
[DEBUG] 2024-10-22 15:43:43.440 [main] ZipPackage - Save content types part
[DEBUG] 2024-10-22 15:43:43.442 [main] ZipPackage - Save package relationships
[DEBUG] 2024-10-22 15:43:43.444 [main] ZipPackage - Save part 'docProps/app.xml'
[DEBUG] 2024-10-22 15:43:43.444 [main] ZipPackage - Save part 'docProps/core.xml'
[DEBUG] 2024-10-22 15:43:43.446 [main] ZipPackage - Save part 'xl/sharedStrings.xml'
[DEBUG] 2024-10-22 15:43:43.448 [main] ZipPackage - Save part 'xl/styles.xml'
[DEBUG] 2024-10-22 15:43:43.448 [main] ZipPackage - Save part 'xl/workbook.xml'
[DEBUG] 2024-10-22 15:43:43.450 [main] ZipPackage - Save part 'xl/worksheets/sheet1.xml'
[DEBUG] 2024-10-22 15:44:31.261 [main] InternalWorkbook - creating new workbook from scratch
[DEBUG] 2024-10-22 15:44:31.292 [main] InternalWorkbook - getNumSheets=1
[DEBUG] 2024-10-22 15:44:31.297 [main] InternalWorkbook - exit create new workbook from scratch
[DEBUG] 2024-10-22 15:44:31.363 [main] InternalSheet - Sheet createsheet from scratch called
[DEBUG] 2024-10-22 15:44:31.382 [main] InternalSheet - Sheet createsheet from scratch exit
[DEBUG] 2024-10-22 15:44:31.386 [main] InternalSheet - addRow 
[DEBUG] 2024-10-22 15:44:31.387 [main] InternalSheet - exit addRow
[DEBUG] 2024-10-22 15:44:31.393 [main] InternalSheet - add value record row0
[DEBUG] 2024-10-22 15:44:31.395 [main] InternalSheet - replaceValueRecord 
[DEBUG] 2024-10-22 15:44:31.395 [main] InternalWorkbook - insert to sst string='selenium webdriver'
[TRACE] 2024-10-22 15:44:31.396 [main] InternalWorkbook - Returning SST for index=0 String= selenium webdriver
[DEBUG] 2024-10-22 15:44:31.396 [main] InternalSheet - add value record row0
[DEBUG] 2024-10-22 15:44:31.396 [main] InternalSheet - replaceValueRecord 
[DEBUG] 2024-10-22 15:44:31.396 [main] InternalWorkbook - insert to sst string='selenium automation'
[TRACE] 2024-10-22 15:44:31.396 [main] InternalWorkbook - Returning SST for index=1 String= selenium automation
[DEBUG] 2024-10-22 15:44:31.396 [main] InternalSheet - addRow 
[DEBUG] 2024-10-22 15:44:31.396 [main] InternalSheet - exit addRow
[DEBUG] 2024-10-22 15:44:31.397 [main] InternalSheet - add value record row1
[DEBUG] 2024-10-22 15:44:31.397 [main] InternalSheet - replaceValueRecord 
[DEBUG] 2024-10-22 15:44:31.397 [main] InternalWorkbook - insert to sst string='ExcelSheet'
[TRACE] 2024-10-22 15:44:31.397 [main] InternalWorkbook - Returning SST for index=2 String= ExcelSheet
[DEBUG] 2024-10-22 15:44:31.397 [main] InternalSheet - add value record row1
[DEBUG] 2024-10-22 15:44:31.397 [main] InternalSheet - replaceValueRecord 
[DEBUG] 2024-10-22 15:44:31.397 [main] InternalWorkbook - insert to sst string='selenium.dev'
[TRACE] 2024-10-22 15:44:31.397 [main] InternalWorkbook - Returning SST for index=3 String= selenium.dev
[DEBUG] 2024-10-22 15:44:31.419 [main] HSSFWorkbook - HSSFWorkbook.getBytes()
[WARN ] 2024-10-22 15:44:31.419 [main] POIDocument - DocumentSummaryInformation property set came back as null
[WARN ] 2024-10-22 15:44:31.420 [main] POIDocument - SummaryInformation property set came back as null
[DEBUG] 2024-10-22 15:44:31.426 [main] InternalWorkbook - setting bof for sheetnum =0 at pos=1437
[DEBUG] 2024-10-22 15:44:31.428 [main] InternalWorkbook - Serializing Workbook with offsets
[DEBUG] 2024-10-22 15:44:31.429 [main] InternalWorkbook - Exiting serialize workbook
[TRACE] 2024-10-23 11:10:18.953 [main] XBeanDebug - Loading type system org.apache.poi.schemas.ooxml.system.ooxml
[TRACE] 2024-10-23 11:10:18.960 [main] XBeanDebug - Loading type system org.apache.xmlbeans.metadata.system.sXMLCONFIG
[TRACE] 2024-10-23 11:10:18.961 [main] XBeanDebug - Loading type system org.apache.xmlbeans.metadata.system.sXMLLANG
[TRACE] 2024-10-23 11:10:18.962 [main] XBeanDebug - Loading type system org.apache.xmlbeans.metadata.system.sXMLSCHEMA
[TRACE] 2024-10-23 11:10:18.963 [main] XBeanDebug - Loading type system org.apache.xmlbeans.metadata.system.sXMLTOOLS
[TRACE] 2024-10-23 11:10:18.965 [main] XBeanDebug - Reading unresolved handles for type system org.apache.xmlbeans.metadata.system.sXMLTOOLS
[TRACE] 2024-10-23 11:10:18.981 [main] XBeanDebug - Finished loading type system org.apache.xmlbeans.metadata.system.sXMLTOOLS
[TRACE] 2024-10-23 11:10:18.983 [main] XBeanDebug - Reading unresolved handles for type system org.apache.xmlbeans.metadata.system.sXMLSCHEMA
[TRACE] 2024-10-23 11:10:18.999 [main] XBeanDebug - Finished loading type system org.apache.xmlbeans.metadata.system.sXMLSCHEMA
[TRACE] 2024-10-23 11:10:19.001 [main] XBeanDebug - Reading unresolved handles for type system org.apache.xmlbeans.metadata.system.sXMLLANG
[TRACE] 2024-10-23 11:10:19.003 [main] XBeanDebug - Finished loading type system org.apache.xmlbeans.metadata.system.sXMLLANG
[TRACE] 2024-10-23 11:10:19.003 [main] XBeanDebug - Reading unresolved handles for type system org.apache.xmlbeans.metadata.system.sXMLCONFIG
[TRACE] 2024-10-23 11:10:19.004 [main] XBeanDebug - Finished loading type system org.apache.xmlbeans.metadata.system.sXMLCONFIG
[TRACE] 2024-10-23 11:10:19.006 [main] XBeanDebug - Reading unresolved handles for type system org.apache.poi.schemas.ooxml.system.ooxml
[TRACE] 2024-10-23 11:10:19.065 [main] XBeanDebug - Finished loading type system org.apache.poi.schemas.ooxml.system.ooxml
[TRACE] 2024-10-23 11:10:19.067 [main] XBeanDebug - Resolving type for handle ctworkbook83c3type
[TRACE] 2024-10-23 11:10:19.112 [main] XBeanDebug - Resolving type for handle ctworkbookpr03a5type
[TRACE] 2024-10-23 11:10:19.121 [main] XBeanDebug - Resolving type for handle ctbookviewsb864type
[TRACE] 2024-10-23 11:10:19.123 [main] XBeanDebug - Resolving type for handle ctbookviewf677type
[TRACE] 2024-10-23 11:10:19.130 [main] XBeanDebug - Resolving type for handle ctsheets49fdtype
[TRACE] 2024-10-23 11:10:19.134 [main] XBeanDebug - Resolving type for handle propertiesee84doctype
[TRACE] 2024-10-23 11:10:19.136 [main] XBeanDebug - Resolving type for handle ctproperties3f10type
[TRACE] 2024-10-23 11:10:19.140 [main] XBeanDebug - Resolving type for handle properties288cdoctype
[TRACE] 2024-10-23 11:10:19.142 [main] XBeanDebug - Resolving type for handle ctproperties2c18type
[TRACE] 2024-10-23 11:10:19.148 [main] XBeanDebug - Resolving type for handle sstf81fdoctype
[TRACE] 2024-10-23 11:10:19.150 [main] XBeanDebug - Resolving type for handle ctsst44f3type
[TRACE] 2024-10-23 11:10:19.154 [main] XBeanDebug - Resolving type for handle stylesheet5d8bdoctype
[TRACE] 2024-10-23 11:10:19.156 [main] XBeanDebug - Resolving type for handle ctstylesheet4257type
[TRACE] 2024-10-23 11:10:19.159 [main] XBeanDebug - Resolving type for handle ctfont14d8type
[TRACE] 2024-10-23 11:10:19.164 [main] XBeanDebug - Resolving type for handle ctfontsizeb3b9type
[TRACE] 2024-10-23 11:10:19.169 [main] XBeanDebug - Resolving type for handle ctcolord2c2type
[TRACE] 2024-10-23 11:10:19.173 [main] XBeanDebug - Resolving type for handle ctfontname2dc3type
[TRACE] 2024-10-23 11:10:19.175 [main] XBeanDebug - Resolving type for handle stxstringf179type
[TRACE] 2024-10-23 11:10:19.178 [main] XBeanDebug - Resolving type for handle ctfontfamily685ctype
[TRACE] 2024-10-23 11:10:19.180 [main] XBeanDebug - Resolving type for handle stfontfamily9c6ctype
[TRACE] 2024-10-23 11:10:19.184 [main] XBeanDebug - Resolving type for handle ctfontschemebf5dtype
[TRACE] 2024-10-23 11:10:19.186 [main] XBeanDebug - Resolving type for handle stfontschemef36dtype
[TRACE] 2024-10-23 11:10:19.189 [main] XBeanDebug - Resolving type for handle ctfill550ctype
[TRACE] 2024-10-23 11:10:19.191 [main] XBeanDebug - Resolving type for handle ctpatternfill7452type
[TRACE] 2024-10-23 11:10:19.195 [main] XBeanDebug - Resolving type for handle stpatterntype7939type
[TRACE] 2024-10-23 11:10:19.200 [main] XBeanDebug - Resolving type for handle ctborderf935type
[TRACE] 2024-10-23 11:10:19.202 [main] XBeanDebug - Resolving type for handle ctborderpre497type
[TRACE] 2024-10-23 11:10:19.207 [main] XBeanDebug - Resolving type for handle ctxf97f7type
[TRACE] 2024-10-23 11:10:19.210 [main] XBeanDebug - Resolving type for handle stnumfmtid76fbtype
[TRACE] 2024-10-23 11:10:19.212 [main] XBeanDebug - Resolving type for handle stfontid9d63type
[TRACE] 2024-10-23 11:10:19.213 [main] XBeanDebug - Resolving type for handle stfillida097type
[TRACE] 2024-10-23 11:10:19.215 [main] XBeanDebug - Resolving type for handle stborderid1a80type
[TRACE] 2024-10-23 11:10:19.216 [main] XBeanDebug - Resolving type for handle stcellstylexfid70c7type
[TRACE] 2024-10-23 11:10:19.221 [main] XBeanDebug - Resolving type for handle ctsheet4dbetype
[TRACE] 2024-10-23 11:10:19.226 [main] XBeanDebug - Resolving type for handle ctworksheet530dtype
[TRACE] 2024-10-23 11:10:19.230 [main] XBeanDebug - Resolving type for handle ctsheetformatprdef7type
[TRACE] 2024-10-23 11:10:19.236 [main] XBeanDebug - Resolving type for handle ctsheetviewsb918type
[TRACE] 2024-10-23 11:10:19.240 [main] XBeanDebug - Resolving type for handle ctsheetview0f43type
[TRACE] 2024-10-23 11:10:19.244 [main] XBeanDebug - Resolving type for handle ctsheetdimensiond310type
[TRACE] 2024-10-23 11:10:19.246 [main] XBeanDebug - Resolving type for handle stref90a2type
[TRACE] 2024-10-23 11:10:19.248 [main] XBeanDebug - Resolving type for handle ctsheetdata8408type
[TRACE] 2024-10-23 11:10:19.251 [main] XBeanDebug - Resolving type for handle ctpagemargins5455type
[TRACE] 2024-10-23 11:10:19.256 [main] XBeanDebug - Resolving type for handle ctcols627ctype
[TRACE] 2024-10-23 11:10:19.259 [main] XBeanDebug - Resolving type for handle strelationshipid1e94type
[TRACE] 2024-10-23 11:10:19.262 [main] XBeanDebug - Resolving type for handle ctrowdd39type
[TRACE] 2024-10-23 11:10:19.271 [main] XBeanDebug - Resolving type for handle ctcell842btype
[TRACE] 2024-10-23 11:10:19.278 [main] XBeanDebug - Resolving type for handle stcellrefe4e0type
[TRACE] 2024-10-23 11:10:19.282 [main] XBeanDebug - Resolving type for handle ctrsta472type
[TRACE] 2024-10-23 11:10:19.286 [main] XBeanDebug - Resolving type for handle stcelltypebf95type
[TRACE] 2024-10-23 11:10:19.307 [main] XBeanDebug - Resolving type for handle ctnumfmtsb58btype
[TRACE] 2024-10-23 11:10:19.309 [main] XBeanDebug - Resolving type for handle ctfonts6623type
[TRACE] 2024-10-23 11:10:19.313 [main] XBeanDebug - Resolving type for handle ctfills2c6ftype
[TRACE] 2024-10-23 11:10:19.315 [main] XBeanDebug - Resolving type for handle ctborders0d66type
[TRACE] 2024-10-23 11:10:19.318 [main] XBeanDebug - Resolving type for handle ctcellxfs1322type
[TRACE] 2024-10-23 11:10:19.320 [main] XBeanDebug - Resolving type for handle ctcellstylexfsa81ftype
[DEBUG] 2024-10-23 11:10:19.337 [main] ZipPackage - Save core properties part
[DEBUG] 2024-10-23 11:10:19.338 [main] ZipPackage - Save content types part
[DEBUG] 2024-10-23 11:10:19.441 [main] ZipPackage - Save package relationships
[DEBUG] 2024-10-23 11:10:19.449 [main] ZipPackage - Save part 'docProps/app.xml'
[DEBUG] 2024-10-23 11:10:19.457 [main] ZipPackage - Save part 'docProps/core.xml'
[DEBUG] 2024-10-23 11:10:19.466 [main] ZipPackage - Save part 'xl/sharedStrings.xml'
[DEBUG] 2024-10-23 11:10:19.467 [main] ZipPackage - Save part 'xl/styles.xml'
[DEBUG] 2024-10-23 11:10:19.467 [main] ZipPackage - Save part 'xl/workbook.xml'
[DEBUG] 2024-10-23 11:10:19.469 [main] ZipPackage - Save part 'xl/worksheets/sheet1.xml'
[DEBUG] 2024-10-23 11:10:19.473 [main] ZipPackage - Save content types part
[DEBUG] 2024-10-23 11:10:19.474 [main] ZipPackage - Save package relationships
[DEBUG] 2024-10-23 11:10:19.476 [main] ZipPackage - Save part 'docProps/app.xml'
[DEBUG] 2024-10-23 11:10:19.476 [main] ZipPackage - Save part 'docProps/core.xml'
[DEBUG] 2024-10-23 11:10:19.478 [main] ZipPackage - Save part 'xl/sharedStrings.xml'
[DEBUG] 2024-10-23 11:10:19.478 [main] ZipPackage - Save part 'xl/styles.xml'
[DEBUG] 2024-10-23 11:10:19.479 [main] ZipPackage - Save part 'xl/workbook.xml'
[DEBUG] 2024-10-23 11:10:19.480 [main] ZipPackage - Save part 'xl/worksheets/sheet1.xml'
[DEBUG] 2024-10-23 11:11:39.234 [main] InternalWorkbook - creating new workbook from scratch
[DEBUG] 2024-10-23 11:11:39.262 [main] InternalWorkbook - getNumSheets=1
[DEBUG] 2024-10-23 11:11:39.267 [main] InternalWorkbook - exit create new workbook from scratch
[DEBUG] 2024-10-23 11:11:39.317 [main] InternalSheet - Sheet createsheet from scratch called
[DEBUG] 2024-10-23 11:11:39.331 [main] InternalSheet - Sheet createsheet from scratch exit
[DEBUG] 2024-10-23 11:11:39.334 [main] InternalSheet - addRow 
[DEBUG] 2024-10-23 11:11:39.335 [main] InternalSheet - exit addRow
[DEBUG] 2024-10-23 11:11:39.340 [main] InternalSheet - add value record row0
[DEBUG] 2024-10-23 11:11:39.342 [main] InternalSheet - replaceValueRecord 
[DEBUG] 2024-10-23 11:11:39.343 [main] InternalWorkbook - insert to sst string='selenium webdriver'
[TRACE] 2024-10-23 11:11:39.343 [main] InternalWorkbook - Returning SST for index=0 String= selenium webdriver
[DEBUG] 2024-10-23 11:11:39.343 [main] InternalSheet - add value record row0
[DEBUG] 2024-10-23 11:11:39.343 [main] InternalSheet - replaceValueRecord 
[DEBUG] 2024-10-23 11:11:39.343 [main] InternalWorkbook - insert to sst string='selenium automation'
[TRACE] 2024-10-23 11:11:39.344 [main] InternalWorkbook - Returning SST for index=1 String= selenium automation
[DEBUG] 2024-10-23 11:11:39.344 [main] InternalSheet - addRow 
[DEBUG] 2024-10-23 11:11:39.344 [main] InternalSheet - exit addRow
[DEBUG] 2024-10-23 11:11:39.344 [main] InternalSheet - add value record row1
[DEBUG] 2024-10-23 11:11:39.344 [main] InternalSheet - replaceValueRecord 
[DEBUG] 2024-10-23 11:11:39.344 [main] InternalWorkbook - insert to sst string='ExcelSheet'
[TRACE] 2024-10-23 11:11:39.344 [main] InternalWorkbook - Returning SST for index=2 String= ExcelSheet
[DEBUG] 2024-10-23 11:11:39.344 [main] InternalSheet - add value record row1
[DEBUG] 2024-10-23 11:11:39.345 [main] InternalSheet - replaceValueRecord 
[DEBUG] 2024-10-23 11:11:39.345 [main] InternalWorkbook - insert to sst string='selenium.dev'
[TRACE] 2024-10-23 11:11:39.345 [main] InternalWorkbook - Returning SST for index=3 String= selenium.dev
[DEBUG] 2024-10-23 11:11:39.369 [main] HSSFWorkbook - HSSFWorkbook.getBytes()
[WARN ] 2024-10-23 11:11:39.369 [main] POIDocument - DocumentSummaryInformation property set came back as null
[WARN ] 2024-10-23 11:11:39.369 [main] POIDocument - SummaryInformation property set came back as null
[DEBUG] 2024-10-23 11:11:39.375 [main] InternalWorkbook - setting bof for sheetnum =0 at pos=1437
[DEBUG] 2024-10-23 11:11:39.378 [main] InternalWorkbook - Serializing Workbook with offsets
[DEBUG] 2024-10-23 11:11:39.379 [main] InternalWorkbook - Exiting serialize workbook
[DEBUG] 2024-10-23 11:14:28.836 [main] InternalWorkbook - creating new workbook from scratch
[DEBUG] 2024-10-23 11:14:28.855 [main] InternalWorkbook - getNumSheets=1
[DEBUG] 2024-10-23 11:14:28.859 [main] InternalWorkbook - exit create new workbook from scratch
[DEBUG] 2024-10-23 11:14:28.904 [main] InternalSheet - Sheet createsheet from scratch called
[DEBUG] 2024-10-23 11:14:28.917 [main] InternalSheet - Sheet createsheet from scratch exit
[DEBUG] 2024-10-23 11:14:28.919 [main] InternalSheet - addRow 
[DEBUG] 2024-10-23 11:14:28.919 [main] InternalSheet - exit addRow
[DEBUG] 2024-10-23 11:14:28.924 [main] InternalSheet - add value record row0
[DEBUG] 2024-10-23 11:14:28.925 [main] InternalSheet - replaceValueRecord 
[DEBUG] 2024-10-23 11:14:28.926 [main] InternalWorkbook - insert to sst string='selenium webdriver'
[TRACE] 2024-10-23 11:14:28.926 [main] InternalWorkbook - Returning SST for index=0 String= selenium webdriver
[DEBUG] 2024-10-23 11:14:28.926 [main] InternalSheet - add value record row0
[DEBUG] 2024-10-23 11:14:28.926 [main] InternalSheet - replaceValueRecord 
[DEBUG] 2024-10-23 11:14:28.926 [main] InternalWorkbook - insert to sst string='selenium automation'
[TRACE] 2024-10-23 11:14:28.926 [main] InternalWorkbook - Returning SST for index=1 String= selenium automation
[DEBUG] 2024-10-23 11:14:28.927 [main] InternalSheet - addRow 
[DEBUG] 2024-10-23 11:14:28.927 [main] InternalSheet - exit addRow
[DEBUG] 2024-10-23 11:14:28.927 [main] InternalSheet - add value record row1
[DEBUG] 2024-10-23 11:14:28.927 [main] InternalSheet - replaceValueRecord 
[DEBUG] 2024-10-23 11:14:28.927 [main] InternalWorkbook - insert to sst string='ExcelSheet'
[TRACE] 2024-10-23 11:14:28.927 [main] InternalWorkbook - Returning SST for index=2 String= ExcelSheet
[DEBUG] 2024-10-23 11:14:28.927 [main] InternalSheet - add value record row1
[DEBUG] 2024-10-23 11:14:28.927 [main] InternalSheet - replaceValueRecord 
[DEBUG] 2024-10-23 11:14:28.927 [main] InternalWorkbook - insert to sst string='selenium.dev'
[TRACE] 2024-10-23 11:14:28.927 [main] InternalWorkbook - Returning SST for index=3 String= selenium.dev
[DEBUG] 2024-10-23 11:14:28.943 [main] HSSFWorkbook - HSSFWorkbook.getBytes()
[WARN ] 2024-10-23 11:14:28.943 [main] POIDocument - DocumentSummaryInformation property set came back as null
[WARN ] 2024-10-23 11:14:28.944 [main] POIDocument - SummaryInformation property set came back as null
[DEBUG] 2024-10-23 11:14:28.948 [main] InternalWorkbook - setting bof for sheetnum =0 at pos=1437
[DEBUG] 2024-10-23 11:14:28.951 [main] InternalWorkbook - Serializing Workbook with offsets
[DEBUG] 2024-10-23 11:14:28.951 [main] InternalWorkbook - Exiting serialize workbook
[TRACE] 2024-10-23 11:19:34.526 [main] XBeanDebug - Loading type system org.apache.poi.schemas.ooxml.system.ooxml
[TRACE] 2024-10-23 11:19:34.532 [main] XBeanDebug - Loading type system org.apache.xmlbeans.metadata.system.sXMLCONFIG
[TRACE] 2024-10-23 11:19:34.533 [main] XBeanDebug - Loading type system org.apache.xmlbeans.metadata.system.sXMLLANG
[TRACE] 2024-10-23 11:19:34.534 [main] XBeanDebug - Loading type system org.apache.xmlbeans.metadata.system.sXMLSCHEMA
[TRACE] 2024-10-23 11:19:34.535 [main] XBeanDebug - Loading type system org.apache.xmlbeans.metadata.system.sXMLTOOLS
[TRACE] 2024-10-23 11:19:34.536 [main] XBeanDebug - Reading unresolved handles for type system org.apache.xmlbeans.metadata.system.sXMLTOOLS
[TRACE] 2024-10-23 11:19:34.544 [main] XBeanDebug - Finished loading type system org.apache.xmlbeans.metadata.system.sXMLTOOLS
[TRACE] 2024-10-23 11:19:34.546 [main] XBeanDebug - Reading unresolved handles for type system org.apache.xmlbeans.metadata.system.sXMLSCHEMA
[TRACE] 2024-10-23 11:19:34.556 [main] XBeanDebug - Finished loading type system org.apache.xmlbeans.metadata.system.sXMLSCHEMA
[TRACE] 2024-10-23 11:19:34.557 [main] XBeanDebug - Reading unresolved handles for type system org.apache.xmlbeans.metadata.system.sXMLLANG
[TRACE] 2024-10-23 11:19:34.559 [main] XBeanDebug - Finished loading type system org.apache.xmlbeans.metadata.system.sXMLLANG
[TRACE] 2024-10-23 11:19:34.563 [main] XBeanDebug - Reading unresolved handles for type system org.apache.xmlbeans.metadata.system.sXMLCONFIG
[TRACE] 2024-10-23 11:19:34.564 [main] XBeanDebug - Finished loading type system org.apache.xmlbeans.metadata.system.sXMLCONFIG
[TRACE] 2024-10-23 11:19:34.567 [main] XBeanDebug - Reading unresolved handles for type system org.apache.poi.schemas.ooxml.system.ooxml
[TRACE] 2024-10-23 11:19:34.623 [main] XBeanDebug - Finished loading type system org.apache.poi.schemas.ooxml.system.ooxml
[TRACE] 2024-10-23 11:19:34.625 [main] XBeanDebug - Resolving type for handle ctworkbook83c3type
[TRACE] 2024-10-23 11:19:34.667 [main] XBeanDebug - Resolving type for handle ctworkbookpr03a5type
[TRACE] 2024-10-23 11:19:34.675 [main] XBeanDebug - Resolving type for handle ctbookviewsb864type
[TRACE] 2024-10-23 11:19:34.677 [main] XBeanDebug - Resolving type for handle ctbookviewf677type
[TRACE] 2024-10-23 11:19:34.683 [main] XBeanDebug - Resolving type for handle ctsheets49fdtype
[TRACE] 2024-10-23 11:19:34.686 [main] XBeanDebug - Resolving type for handle propertiesee84doctype
[TRACE] 2024-10-23 11:19:34.688 [main] XBeanDebug - Resolving type for handle ctproperties3f10type
[TRACE] 2024-10-23 11:19:34.692 [main] XBeanDebug - Resolving type for handle properties288cdoctype
[TRACE] 2024-10-23 11:19:34.693 [main] XBeanDebug - Resolving type for handle ctproperties2c18type
[TRACE] 2024-10-23 11:19:34.699 [main] XBeanDebug - Resolving type for handle sstf81fdoctype
[TRACE] 2024-10-23 11:19:34.700 [main] XBeanDebug - Resolving type for handle ctsst44f3type
[TRACE] 2024-10-23 11:19:34.705 [main] XBeanDebug - Resolving type for handle stylesheet5d8bdoctype
[TRACE] 2024-10-23 11:19:34.707 [main] XBeanDebug - Resolving type for handle ctstylesheet4257type
[TRACE] 2024-10-23 11:19:34.710 [main] XBeanDebug - Resolving type for handle ctfont14d8type
[TRACE] 2024-10-23 11:19:34.714 [main] XBeanDebug - Resolving type for handle ctfontsizeb3b9type
[TRACE] 2024-10-23 11:19:34.718 [main] XBeanDebug - Resolving type for handle ctcolord2c2type
[TRACE] 2024-10-23 11:19:34.722 [main] XBeanDebug - Resolving type for handle ctfontname2dc3type
[TRACE] 2024-10-23 11:19:34.724 [main] XBeanDebug - Resolving type for handle stxstringf179type
[TRACE] 2024-10-23 11:19:34.726 [main] XBeanDebug - Resolving type for handle ctfontfamily685ctype
[TRACE] 2024-10-23 11:19:34.728 [main] XBeanDebug - Resolving type for handle stfontfamily9c6ctype
[TRACE] 2024-10-23 11:19:34.731 [main] XBeanDebug - Resolving type for handle ctfontschemebf5dtype
[TRACE] 2024-10-23 11:19:34.734 [main] XBeanDebug - Resolving type for handle stfontschemef36dtype
[TRACE] 2024-10-23 11:19:34.736 [main] XBeanDebug - Resolving type for handle ctfill550ctype
[TRACE] 2024-10-23 11:19:34.739 [main] XBeanDebug - Resolving type for handle ctpatternfill7452type
[TRACE] 2024-10-23 11:19:34.743 [main] XBeanDebug - Resolving type for handle stpatterntype7939type
[TRACE] 2024-10-23 11:19:34.746 [main] XBeanDebug - Resolving type for handle ctborderf935type
[TRACE] 2024-10-23 11:19:34.749 [main] XBeanDebug - Resolving type for handle ctborderpre497type
[TRACE] 2024-10-23 11:19:34.753 [main] XBeanDebug - Resolving type for handle ctxf97f7type
[TRACE] 2024-10-23 11:19:34.756 [main] XBeanDebug - Resolving type for handle stnumfmtid76fbtype
[TRACE] 2024-10-23 11:19:34.757 [main] XBeanDebug - Resolving type for handle stfontid9d63type
[TRACE] 2024-10-23 11:19:34.759 [main] XBeanDebug - Resolving type for handle stfillida097type
[TRACE] 2024-10-23 11:19:34.761 [main] XBeanDebug - Resolving type for handle stborderid1a80type
[TRACE] 2024-10-23 11:19:34.763 [main] XBeanDebug - Resolving type for handle stcellstylexfid70c7type
[TRACE] 2024-10-23 11:19:34.766 [main] XBeanDebug - Resolving type for handle ctsheet4dbetype
[TRACE] 2024-10-23 11:19:34.771 [main] XBeanDebug - Resolving type for handle ctworksheet530dtype
[TRACE] 2024-10-23 11:19:34.775 [main] XBeanDebug - Resolving type for handle ctsheetformatprdef7type
[TRACE] 2024-10-23 11:19:34.781 [main] XBeanDebug - Resolving type for handle ctsheetviewsb918type
[TRACE] 2024-10-23 11:19:34.785 [main] XBeanDebug - Resolving type for handle ctsheetview0f43type
[TRACE] 2024-10-23 11:19:34.789 [main] XBeanDebug - Resolving type for handle ctsheetdimensiond310type
[TRACE] 2024-10-23 11:19:34.791 [main] XBeanDebug - Resolving type for handle stref90a2type
[TRACE] 2024-10-23 11:19:34.793 [main] XBeanDebug - Resolving type for handle ctsheetdata8408type
[TRACE] 2024-10-23 11:19:34.795 [main] XBeanDebug - Resolving type for handle ctpagemargins5455type
[TRACE] 2024-10-23 11:19:34.800 [main] XBeanDebug - Resolving type for handle ctcols627ctype
[TRACE] 2024-10-23 11:19:34.804 [main] XBeanDebug - Resolving type for handle strelationshipid1e94type
[TRACE] 2024-10-23 11:19:34.808 [main] XBeanDebug - Resolving type for handle ctrowdd39type
[TRACE] 2024-10-23 11:19:34.815 [main] XBeanDebug - Resolving type for handle ctcell842btype
[TRACE] 2024-10-23 11:19:34.821 [main] XBeanDebug - Resolving type for handle stcellrefe4e0type
[TRACE] 2024-10-23 11:19:34.825 [main] XBeanDebug - Resolving type for handle ctrsta472type
[TRACE] 2024-10-23 11:19:34.829 [main] XBeanDebug - Resolving type for handle stcelltypebf95type
[TRACE] 2024-10-23 11:19:34.849 [main] XBeanDebug - Resolving type for handle ctnumfmtsb58btype
[TRACE] 2024-10-23 11:19:34.851 [main] XBeanDebug - Resolving type for handle ctfonts6623type
[TRACE] 2024-10-23 11:19:34.854 [main] XBeanDebug - Resolving type for handle ctfills2c6ftype
[TRACE] 2024-10-23 11:19:34.857 [main] XBeanDebug - Resolving type for handle ctborders0d66type
[TRACE] 2024-10-23 11:19:34.859 [main] XBeanDebug - Resolving type for handle ctcellxfs1322type
[TRACE] 2024-10-23 11:19:34.861 [main] XBeanDebug - Resolving type for handle ctcellstylexfsa81ftype
[DEBUG] 2024-10-23 11:19:34.875 [main] ZipPackage - Save core properties part
[DEBUG] 2024-10-23 11:19:34.875 [main] ZipPackage - Save content types part
[DEBUG] 2024-10-23 11:19:34.982 [main] ZipPackage - Save package relationships
[DEBUG] 2024-10-23 11:19:34.990 [main] ZipPackage - Save part 'docProps/app.xml'
[DEBUG] 2024-10-23 11:19:34.993 [main] ZipPackage - Save part 'docProps/core.xml'
[DEBUG] 2024-10-23 11:19:35.002 [main] ZipPackage - Save part 'xl/sharedStrings.xml'
[DEBUG] 2024-10-23 11:19:35.002 [main] ZipPackage - Save part 'xl/styles.xml'
[DEBUG] 2024-10-23 11:19:35.003 [main] ZipPackage - Save part 'xl/workbook.xml'
[DEBUG] 2024-10-23 11:19:35.005 [main] ZipPackage - Save part 'xl/worksheets/sheet1.xml'
[DEBUG] 2024-10-23 11:19:35.008 [main] ZipPackage - Save content types part
[DEBUG] 2024-10-23 11:19:35.010 [main] ZipPackage - Save package relationships
[DEBUG] 2024-10-23 11:19:35.012 [main] ZipPackage - Save part 'docProps/app.xml'
[DEBUG] 2024-10-23 11:19:35.012 [main] ZipPackage - Save part 'docProps/core.xml'
[DEBUG] 2024-10-23 11:19:35.014 [main] ZipPackage - Save part 'xl/sharedStrings.xml'
[DEBUG] 2024-10-23 11:19:35.014 [main] ZipPackage - Save part 'xl/styles.xml'
[DEBUG] 2024-10-23 11:19:35.015 [main] ZipPackage - Save part 'xl/workbook.xml'
[DEBUG] 2024-10-23 11:19:35.017 [main] ZipPackage - Save part 'xl/worksheets/sheet1.xml'
